#
# A fatal error has been detected by the Java Runtime Environment:
#
#  EXCEPTION_ACCESS_VIOLATION (0xc0000005) at pc=0x00007ff93304768f, pid=8464, tid=12132
#
# JRE version: OpenJDK Runtime Environment Temurin-21.0.3+9 (21.0.3+9) (build 21.0.3+9-LTS)
# Java VM: OpenJDK 64-Bit Server VM Temurin-21.0.3+9 (21.0.3+9-LTS, mixed mode, sharing, tiered, compressed oops, compressed class ptrs, g1 gc, windows-amd64)
# Problematic frame:
# V  [jvm.dll+0x22768f]
#
# No core dump will be written. Minidumps are not enabled by default on client versions of Windows
#
# If you would like to submit a bug report, please visit:
#   https://github.com/adoptium/adoptium-support/issues
#

---------------  S U M M A R Y ------------

Command Line: --add-opens=java.base/java.util=ALL-UNNAMED --add-opens=java.base/java.lang=ALL-UNNAMED --add-opens=java.base/java.lang.invoke=ALL-UNNAMED --add-opens=java.prefs/java.util.prefs=ALL-UNNAMED --add-opens=java.base/java.nio.charset=ALL-UNNAMED --add-opens=java.base/java.net=ALL-UNNAMED --add-opens=java.base/java.util.concurrent.atomic=ALL-UNNAMED -Xmx3G -Dfile.encoding=windows-1252 -Duser.country=BE -Duser.language=nl -Duser.variant -javaagent:C:\Users\ArneL\.gradle\wrapper\dists\gradle-8.8-bin\dl7vupf4psengwqhwktix4v1\gradle-8.8\lib\agents\gradle-instrumentation-agent-8.8.jar org.gradle.launcher.daemon.bootstrap.GradleDaemon 8.8

Host: AMD Ryzen 5 3600X 6-Core Processor             , 12 cores, 15G,  Windows 10 , 64 bit Build 19041 (10.0.19041.4597)
Time: Thu Jul 18 00:03:31 2024 West-Europa (zomertijd) elapsed time: 5.991760 seconds (0d 0h 0m 5s)

---------------  T H R E A D  ---------------

Current thread (0x000001dcf756bb00):  JavaThread "C2 CompilerThread0" daemon [_thread_in_native, id=12132, stack(0x00000062b8900000,0x00000062b8a00000) (1024K)]


Current CompileTask:
C2:   5991 7648       4       org.gradle.internal.instantiation.generator.AbstractClassGenerator::inspectType (560 bytes)

Stack: [0x00000062b8900000,0x00000062b8a00000],  sp=0x00000062b89fcbe0,  free space=1010k
Native frames: (J=compiled Java code, j=interpreted, Vv=VM code, C=native code)
V  [jvm.dll+0x22768f]
V  [jvm.dll+0x2278c6]
V  [jvm.dll+0x1df458]
V  [jvm.dll+0x246b12]
V  [jvm.dll+0x245f9f]
V  [jvm.dll+0x1c6f4e]
V  [jvm.dll+0x255719]
V  [jvm.dll+0x253cba]
V  [jvm.dll+0x3ec1e6]
V  [jvm.dll+0x84bf8b]
V  [jvm.dll+0x6c6dcd]
C  [ucrtbase.dll+0x21bb2]
C  [KERNEL32.DLL+0x17374]
C  [ntdll.dll+0x4cc91]


siginfo: EXCEPTION_ACCESS_VIOLATION (0xc0000005), reading address 0x0000000000000018


Registers:
RAX=0x00000062b89fd0c0, RBX=0x0000000000000002, RCX=0x0000000000001122, RDX=0x0000000000000001
RSP=0x00000062b89fcbe0, RBP=0x000001dcfce30460, RSI=0x0000000000000008, RDI=0x0000000000000000
R8 =0x000001dcfdfa1620, R9 =0x000001dcc44db5d0, R10=0x000001dcc15d6d58, R11=0x00000062b89fcb88
R12=0x000001dcc307e690, R13=0x00000062b89fcd60, R14=0x0000000000000001, R15=0x0000000000000001
RIP=0x00007ff93304768f, EFLAGS=0x0000000000010287


Register to memory mapping:

RAX=0x00000062b89fd0c0 is pointing into the stack for thread: 0x000001dcf756bb00
RBX=0x0000000000000002 is an unknown value
RCX=0x0000000000001122 is an unknown value
RDX=0x0000000000000001 is an unknown value
RSP=0x00000062b89fcbe0 is pointing into the stack for thread: 0x000001dcf756bb00
RBP=0x000001dcfce30460 points into unknown readable memory: 0x00007ff933800868 | 68 08 80 33 f9 7f 00 00
RSI=0x0000000000000008 is an unknown value
RDI=0x0 is null
R8 =0x000001dcfdfa1620 points into unknown readable memory: 0x00007ff9337fc0e0 | e0 c0 7f 33 f9 7f 00 00
R9 =0x000001dcc44db5d0 points into unknown readable memory: 0x000001dcc13ae8b0 | b0 e8 3a c1 dc 01 00 00
R10=0x000001dcc15d6d58 points into unknown readable memory: 0x0000000000000000 | 00 00 00 00 00 00 00 00
R11=0x00000062b89fcb88 is pointing into the stack for thread: 0x000001dcf756bb00
R12=0x000001dcc307e690 points into unknown readable memory: 0x0000006200000002 | 02 00 00 00 62 00 00 00
R13=0x00000062b89fcd60 is pointing into the stack for thread: 0x000001dcf756bb00
R14=0x0000000000000001 is an unknown value
R15=0x0000000000000001 is an unknown value

Top of Stack: (sp=0x00000062b89fcbe0)
0x00000062b89fcbe0:   000001dc00000560 0000000000000006
0x00000062b89fcbf0:   000001dcc307e690 0000000000000001
0x00000062b89fcc00:   00000062b89fd1a0 0000000000000001
0x00000062b89fcc10:   00000000000004ae 00007ff9330478c6
0x00000062b89fcc20:   000001dcc307e680 00000062b89fcd60
0x00000062b89fcc30:   00000062b89fcd50 000001dcc307ea68
0x00000062b89fcc40:   00000000000003d8 00007ff932fff458
0x00000062b89fcc50:   00000062b89fd0c0 000001dcc307ea68
0x00000062b89fcc60:   00000062b89fd1a0 000001dcc307e680
0x00000062b89fcc70:   000000000000ab00 000000000000000e
0x00000062b89fcc80:   0000000000000007 000001dcc307e680
0x00000062b89fcc90:   000001dcfc0f5ca0 000001dcfc0fc910
0x00000062b89fcca0:   000001dcfc0fdc88 00000000001d1678
0x00000062b89fccb0:   000001dcc307e690 00007ff97cabfde6
0x00000062b89fccc0:   0000000000000000 0000000000000000
0x00000062b89fccd0:   000001dcf75348b0 3fbf859800000000
0x00000062b89fcce0:   0000000000009d80 00007ff933814ea8
0x00000062b89fccf0:   0000000000000000 0000000000000000
0x00000062b89fcd00:   0000000000000000 00007ff933814ea8
0x00000062b89fcd10:   000001dcf7534800 00007ff932ee49ee
0x00000062b89fcd20:   000000000000000c 00000062b89fe5a0
0x00000062b89fcd30:   000001dcc403b710 000001dcf7534801
0x00000062b89fcd40:   000001dcc13df5a0 000001dc00000ac7
0x00000062b89fcd50:   00000062b89fcc80 000001dcc307e690
0x00000062b89fcd60:   00007ff933814e50 000000000000000d
0x00000062b89fcd70:   00000062b89fe5a0 00000062b89fd0c0
0x00000062b89fcd80:   000001dcc1aed010 000001dcf75348b0
0x00000062b89fcd90:   000000000000000a 00000062b89fe5a0
0x00000062b89fcda0:   000001dcc108be70 0000000000000000
0x00000062b89fcdb0:   000001dcc3f83880 000001dcfdfb5e70
0x00000062b89fcdc0:   000001dcfdfb9518 00000062b89fd020
0x00000062b89fcdd0:   00000062b89fd1c0 000001dc00000ac7 

Instructions: (pc=0x00007ff93304768f)
0x00007ff93304758f:   f9 48 83 c1 08 ba 0d 00 00 00 e8 42 53 4c 00 48
0x00007ff93304759f:   8d 05 8b 6c 7d 00 48 89 5f 18 48 89 07 48 8d 4f
0x00007ff9330475af:   20 8b 93 e0 00 00 00 e8 95 01 19 00 48 8b 5c 24
0x00007ff9330475bf:   30 48 8b c7 48 83 c4 20 5f c3 cc cc cc cc cc cc
0x00007ff9330475cf:   cc 48 89 5c 24 08 48 89 6c 24 10 48 89 74 24 18
0x00007ff9330475df:   57 48 83 ec 20 8b 79 28 48 8b ea ff cf 48 8b d9
0x00007ff9330475ef:   3b 79 18 73 0a 48 8b 41 20 48 8b 34 f8 eb 02 33
0x00007ff9330475ff:   f6 48 8b 06 48 8b ce ff 50 20 48 3b c6 74 03 2b
0x00007ff93304760f:   7b 48 4c 8b c5 48 8d 4b 10 8b d7 e8 61 d3 47 00
0x00007ff93304761f:   ff 43 28 48 8b 5c 24 30 48 8b 6c 24 38 48 8b 74
0x00007ff93304762f:   24 40 48 83 c4 20 5f c3 cc cc cc cc cc cc cc cc
0x00007ff93304763f:   cc 48 89 5c 24 10 48 89 6c 24 18 48 89 74 24 20
0x00007ff93304764f:   57 41 55 41 56 48 83 ec 20 4c 89 7c 24 40 48 8b
0x00007ff93304765f:   ea 45 33 ff 4c 8b e9 45 8d 77 01 44 39 7a 48 0f
0x00007ff93304766f:   86 a4 00 00 00 0f 1f 40 00 0f 1f 84 00 00 00 00
0x00007ff93304767f:   00 48 8b 45 40 41 8b d6 4a 8b 3c f8 49 8b 45 18
0x00007ff93304768f:   44 8b 47 18 48 8b 48 48 4c 8b 49 78 0f 1f 44 00
0x00007ff93304769f:   00 45 85 c0 74 09 48 8b 47 20 48 8b 08 eb 02 33
0x00007ff9330476af:   c9 8b c2 48 8d 34 c5 00 00 00 00 48 8b 41 08 48
0x00007ff9330476bf:   8b 0c 30 8b 41 28 49 39 2c c1 74 04 ff c2 eb d1
0x00007ff9330476cf:   41 8b de 39 5f 28 76 34 3b 5f 18 73 0c 48 8b 57
0x00007ff9330476df:   20 8b c3 48 8b 14 c2 eb 02 33 d2 8b 42 2c 83 e0
0x00007ff9330476ef:   0f 3c 0c 75 17 4c 8b 42 08 49 8b cd 4d 8b 04 30
0x00007ff9330476ff:   e8 dc 01 00 00 ff c3 3b 5f 28 72 cc 41 ff c7 44
0x00007ff93304770f:   3b 7d 48 0f 82 68 ff ff ff 8b 7d 28 4c 8b 7c 24
0x00007ff93304771f:   40 ff cf 3b 7d 18 73 0a 48 8b 45 20 48 8b 1c f8
0x00007ff93304772f:   eb 02 33 db 48 8b 03 48 8b cb ff 50 20 48 3b c3
0x00007ff93304773f:   74 03 2b 7d 48 41 3b fe 76 53 be 08 00 00 00 66
0x00007ff93304774f:   90 44 3b 75 18 73 0a 48 8b 45 20 48 8b 1c 06 eb
0x00007ff93304775f:   02 33 db 8b 43 2c 24 03 3c 02 75 25 48 8b 03 48
0x00007ff93304776f:   8b cb ff 90 e8 00 00 00 85 c0 74 15 4c 8b 43 08
0x00007ff93304777f:   48 8b d3 8b c0 49 8b cd 4d 8b 04 c0 e8 50 01 00 


Stack slot to memory mapping:

stack at sp + 0 slots: 0x000001dc00000560 is an unknown value
stack at sp + 1 slots: 0x0000000000000006 is an unknown value
stack at sp + 2 slots: 0x000001dcc307e690 points into unknown readable memory: 0x0000006200000002 | 02 00 00 00 62 00 00 00
stack at sp + 3 slots: 0x0000000000000001 is an unknown value
stack at sp + 4 slots: 0x00000062b89fd1a0 is pointing into the stack for thread: 0x000001dcf756bb00
stack at sp + 5 slots: 0x0000000000000001 is an unknown value
stack at sp + 6 slots: 0x00000000000004ae is an unknown value
stack at sp + 7 slots: 0x00007ff9330478c6 jvm.dll


---------------  P R O C E S S  ---------------

Threads class SMR info:
_java_thread_list=0x000001dcc4166b70, length=78, elements={
0x000001dcd6de7970, 0x000001dcf754b8d0, 0x000001dcf754c330, 0x000001dcf754f020,
0x000001dcf7551ba0, 0x000001dcf7552230, 0x000001dcf754fad0, 0x000001dcf756bb00,
0x000001dcf756e1c0, 0x000001dcf75528c0, 0x000001dcf7552f50, 0x000001dcf79a3420,
0x000001dcf7551510, 0x000001dcf7550160, 0x000001dcf75507f0, 0x000001dcfd86af90,
0x000001dcfd867b10, 0x000001dcfd866df0, 0x000001dcfd86c9d0, 0x000001dcfd86c340,
0x000001dcfd86b620, 0x000001dcfd869be0, 0x000001dcfd8660d0, 0x000001dcfd8681a0,
0x000001dcfd867480, 0x000001dcfd86a270, 0x000001dcfd868ec0, 0x000001dcfd869550,
0x000001dcfd86a900, 0x000001dcfd86bcb0, 0x000001dcfd86d060, 0x000001dcfd86d6f0,
0x000001dcfe9a6a80, 0x000001dcfe9a91e0, 0x000001dcfe9a63f0, 0x000001dcfe9a8b50,
0x000001dcfe9a77a0, 0x000001dcfe9a7e30, 0x000001dcc38f5bf0, 0x000001dcc38f4840,
0x000001dcc38f4ed0, 0x000001dcc38f6910, 0x000001dcc38f41b0, 0x000001dcc38f6fa0,
0x000001dcc38f7630, 0x000001dcc424ec30, 0x000001dcc424aa90, 0x000001dcc424ffe0,
0x000001dcc424df10, 0x000001dcc424e5a0, 0x000001dcc424b7b0, 0x000001dcc424a400,
0x000001dcc424be40, 0x000001dcc424d1f0, 0x000001dcc424f950, 0x000001dcc4250670,
0x000001dcc424c4d0, 0x000001dcc4250d00, 0x000001dcc4251390, 0x000001dcc424d880,
0x000001dcc424cb60, 0x000001dcc424f2c0, 0x000001dcc4251a20, 0x000001dcc34cd5e0,
0x000001dcc34cae80, 0x000001dcc34cdc70, 0x000001dcc34c8db0, 0x000001dcc34c8720,
0x000001dcc34c7a00, 0x000001dcc34c6ce0, 0x000001dcc34ca7f0, 0x000001dcc34c8090,
0x000001dcc34ce300, 0x000001dcc34c7370, 0x000001dcc34c9440, 0x000001dcc34cbba0,
0x000001dcc34ca160, 0x000001dcc34ccf50
}

Java Threads: ( => current thread )
  0x000001dcd6de7970 JavaThread "main"                              [_thread_blocked, id=4184, stack(0x00000062b7b00000,0x00000062b7c00000) (1024K)]
  0x000001dcf754b8d0 JavaThread "Reference Handler"          daemon [_thread_blocked, id=8644, stack(0x00000062b8300000,0x00000062b8400000) (1024K)]
  0x000001dcf754c330 JavaThread "Finalizer"                  daemon [_thread_blocked, id=12836, stack(0x00000062b8400000,0x00000062b8500000) (1024K)]
  0x000001dcf754f020 JavaThread "Signal Dispatcher"          daemon [_thread_blocked, id=1996, stack(0x00000062b8500000,0x00000062b8600000) (1024K)]
  0x000001dcf7551ba0 JavaThread "Attach Listener"            daemon [_thread_blocked, id=1772, stack(0x00000062b8600000,0x00000062b8700000) (1024K)]
  0x000001dcf7552230 JavaThread "Service Thread"             daemon [_thread_blocked, id=19912, stack(0x00000062b8700000,0x00000062b8800000) (1024K)]
  0x000001dcf754fad0 JavaThread "Monitor Deflation Thread"   daemon [_thread_blocked, id=9532, stack(0x00000062b8800000,0x00000062b8900000) (1024K)]
=>0x000001dcf756bb00 JavaThread "C2 CompilerThread0"         daemon [_thread_in_native, id=12132, stack(0x00000062b8900000,0x00000062b8a00000) (1024K)]
  0x000001dcf756e1c0 JavaThread "C1 CompilerThread0"         daemon [_thread_blocked, id=18924, stack(0x00000062b8a00000,0x00000062b8b00000) (1024K)]
  0x000001dcf75528c0 JavaThread "Common-Cleaner"             daemon [_thread_blocked, id=1856, stack(0x00000062b8b00000,0x00000062b8c00000) (1024K)]
  0x000001dcf7552f50 JavaThread "Notification Thread"        daemon [_thread_blocked, id=232, stack(0x00000062b8c00000,0x00000062b8d00000) (1024K)]
  0x000001dcf79a3420 JavaThread "C2 CompilerThread1"         daemon [_thread_in_native, id=15400, stack(0x00000062b8d00000,0x00000062b8e00000) (1024K)]
  0x000001dcf7551510 JavaThread "Daemon health stats"               [_thread_blocked, id=13924, stack(0x00000062b9300000,0x00000062b9400000) (1024K)]
  0x000001dcf7550160 JavaThread "Incoming local TCP Connector on port 55706"        [_thread_in_native, id=8328, stack(0x00000062b9400000,0x00000062b9500000) (1024K)]
  0x000001dcf75507f0 JavaThread "Daemon periodic checks"            [_thread_blocked, id=16792, stack(0x00000062b9500000,0x00000062b9600000) (1024K)]
  0x000001dcfd86af90 JavaThread "Daemon"                            [_thread_blocked, id=1920, stack(0x00000062b9600000,0x00000062b9700000) (1024K)]
  0x000001dcfd867b10 JavaThread "Handler for socket connection from /127.0.0.1:55706 to /127.0.0.1:55707"        [_thread_in_native, id=16608, stack(0x00000062b9700000,0x00000062b9800000) (1024K)]
  0x000001dcfd866df0 JavaThread "Cancel handler"                    [_thread_blocked, id=8716, stack(0x00000062b9800000,0x00000062b9900000) (1024K)]
  0x000001dcfd86c9d0 JavaThread "Daemon worker"                     [_thread_in_native, id=1540, stack(0x00000062b9900000,0x00000062b9a00000) (1024K)]
  0x000001dcfd86c340 JavaThread "Asynchronous log dispatcher for DefaultDaemonConnection: socket connection from /127.0.0.1:55706 to /127.0.0.1:55707"        [_thread_blocked, id=20180, stack(0x00000062b9a00000,0x00000062b9b00000) (1024K)]
  0x000001dcfd86b620 JavaThread "Stdin handler"                     [_thread_blocked, id=3864, stack(0x00000062b9b00000,0x00000062b9c00000) (1024K)]
  0x000001dcfd869be0 JavaThread "Daemon client event forwarder"        [_thread_blocked, id=13848, stack(0x00000062b9c00000,0x00000062b9d00000) (1024K)]
  0x000001dcfd8660d0 JavaThread "Cache worker for journal cache (C:\Users\ArneL\.gradle\caches\journal-1)"        [_thread_blocked, id=8796, stack(0x00000062b9d00000,0x00000062b9e00000) (1024K)]
  0x000001dcfd8681a0 JavaThread "File lock request listener"        [_thread_in_native, id=9888, stack(0x00000062b9e00000,0x00000062b9f00000) (1024K)]
  0x000001dcfd867480 JavaThread "Cache worker for file hash cache (C:\Users\ArneL\.gradle\caches\8.8\fileHashes)"        [_thread_blocked, id=18228, stack(0x00000062b9f00000,0x00000062ba000000) (1024K)]
  0x000001dcfd86a270 JavaThread "Cache worker for file hash cache (D:\git\EnderIO-Rewrite118\.gradle\8.8\fileHashes)"        [_thread_blocked, id=15564, stack(0x00000062ba100000,0x00000062ba200000) (1024K)]
  0x000001dcfd868ec0 JavaThread "File watcher server"        daemon [_thread_in_native, id=17068, stack(0x00000062ba800000,0x00000062ba900000) (1024K)]
  0x000001dcfd869550 JavaThread "File watcher consumer"      daemon [_thread_blocked, id=18028, stack(0x00000062ba900000,0x00000062baa00000) (1024K)]
  0x000001dcfd86a900 JavaThread "Cache worker for checksums cache (D:\git\EnderIO-Rewrite118\.gradle\8.8\checksums)"        [_thread_blocked, id=11360, stack(0x00000062baa00000,0x00000062bab00000) (1024K)]
  0x000001dcfd86bcb0 JavaThread "Cache worker for file content cache (C:\Users\ArneL\.gradle\caches\8.8\fileContent)"        [_thread_blocked, id=6172, stack(0x00000062bab00000,0x00000062bac00000) (1024K)]
  0x000001dcfd86d060 JavaThread "Cache worker for cache directory md-rule (C:\Users\ArneL\.gradle\caches\8.8\md-rule)"        [_thread_blocked, id=7192, stack(0x00000062bac00000,0x00000062bad00000) (1024K)]
  0x000001dcfd86d6f0 JavaThread "Cache worker for cache directory md-supplier (C:\Users\ArneL\.gradle\caches\8.8\md-supplier)"        [_thread_blocked, id=4388, stack(0x00000062bad00000,0x00000062bae00000) (1024K)]
  0x000001dcfe9a6a80 JavaThread "jar transforms"                    [_thread_blocked, id=11372, stack(0x00000062bae00000,0x00000062baf00000) (1024K)]
  0x000001dcfe9a91e0 JavaThread "jar transforms Thread 2"           [_thread_blocked, id=12556, stack(0x00000062baf00000,0x00000062bb000000) (1024K)]
  0x000001dcfe9a63f0 JavaThread "jar transforms Thread 3"           [_thread_blocked, id=5128, stack(0x00000062bb000000,0x00000062bb100000) (1024K)]
  0x000001dcfe9a8b50 JavaThread "jar transforms Thread 4"           [_thread_blocked, id=2696, stack(0x00000062bb100000,0x00000062bb200000) (1024K)]
  0x000001dcfe9a77a0 JavaThread "jar transforms Thread 5"           [_thread_blocked, id=12412, stack(0x00000062bb200000,0x00000062bb300000) (1024K)]
  0x000001dcfe9a7e30 JavaThread "jar transforms Thread 6"           [_thread_blocked, id=18812, stack(0x00000062bb300000,0x00000062bb400000) (1024K)]
  0x000001dcc38f5bf0 JavaThread "jar transforms Thread 7"           [_thread_blocked, id=7448, stack(0x00000062bb400000,0x00000062bb500000) (1024K)]
  0x000001dcc38f4840 JavaThread "Unconstrained build operations"        [_thread_blocked, id=19084, stack(0x00000062bb500000,0x00000062bb600000) (1024K)]
  0x000001dcc38f4ed0 JavaThread "Unconstrained build operations Thread 2"        [_thread_blocked, id=15976, stack(0x00000062bb600000,0x00000062bb700000) (1024K)]
  0x000001dcc38f6910 JavaThread "Unconstrained build operations Thread 3"        [_thread_blocked, id=16944, stack(0x00000062bb700000,0x00000062bb800000) (1024K)]
  0x000001dcc38f41b0 JavaThread "Unconstrained build operations Thread 4"        [_thread_blocked, id=9460, stack(0x00000062bb800000,0x00000062bb900000) (1024K)]
  0x000001dcc38f6fa0 JavaThread "Unconstrained build operations Thread 5"        [_thread_blocked, id=1416, stack(0x00000062bb900000,0x00000062bba00000) (1024K)]
  0x000001dcc38f7630 JavaThread "Unconstrained build operations Thread 6"        [_thread_blocked, id=1196, stack(0x00000062bba00000,0x00000062bbb00000) (1024K)]
  0x000001dcc424ec30 JavaThread "jar transforms Thread 8"           [_thread_blocked, id=2704, stack(0x00000062bbb00000,0x00000062bbc00000) (1024K)]
  0x000001dcc424aa90 JavaThread "Cache worker for Build Output Cleanup Cache (D:\git\EnderIO-Rewrite118\.gradle\buildOutputCleanup)"        [_thread_blocked, id=1908, stack(0x00000062bbc00000,0x00000062bbd00000) (1024K)]
  0x000001dcc424ffe0 JavaThread "Unconstrained build operations Thread 7"        [_thread_blocked, id=18176, stack(0x00000062bbd00000,0x00000062bbe00000) (1024K)]
  0x000001dcc424df10 JavaThread "Unconstrained build operations Thread 8"        [_thread_blocked, id=8012, stack(0x00000062bbe00000,0x00000062bbf00000) (1024K)]
  0x000001dcc424e5a0 JavaThread "Unconstrained build operations Thread 9"        [_thread_blocked, id=15984, stack(0x00000062bbf00000,0x00000062bc000000) (1024K)]
  0x000001dcc424b7b0 JavaThread "Unconstrained build operations Thread 10"        [_thread_blocked, id=18472, stack(0x00000062bc000000,0x00000062bc100000) (1024K)]
  0x000001dcc424a400 JavaThread "Unconstrained build operations Thread 11"        [_thread_blocked, id=1812, stack(0x00000062bc100000,0x00000062bc200000) (1024K)]
  0x000001dcc424be40 JavaThread "Unconstrained build operations Thread 12"        [_thread_blocked, id=12524, stack(0x00000062bc200000,0x00000062bc300000) (1024K)]
  0x000001dcc424d1f0 JavaThread "Unconstrained build operations Thread 13"        [_thread_blocked, id=9396, stack(0x00000062bc300000,0x00000062bc400000) (1024K)]
  0x000001dcc424f950 JavaThread "Unconstrained build operations Thread 14"        [_thread_blocked, id=1108, stack(0x00000062bc400000,0x00000062bc500000) (1024K)]
  0x000001dcc4250670 JavaThread "Unconstrained build operations Thread 15"        [_thread_blocked, id=6116, stack(0x00000062bc500000,0x00000062bc600000) (1024K)]
  0x000001dcc424c4d0 JavaThread "Unconstrained build operations Thread 16"        [_thread_blocked, id=1796, stack(0x00000062bc600000,0x00000062bc700000) (1024K)]
  0x000001dcc4250d00 JavaThread "Unconstrained build operations Thread 17"        [_thread_blocked, id=13388, stack(0x00000062bc700000,0x00000062bc800000) (1024K)]
  0x000001dcc4251390 JavaThread "Unconstrained build operations Thread 18"        [_thread_blocked, id=18068, stack(0x00000062bc800000,0x00000062bc900000) (1024K)]
  0x000001dcc424d880 JavaThread "Unconstrained build operations Thread 19"        [_thread_blocked, id=3668, stack(0x00000062bc900000,0x00000062bca00000) (1024K)]
  0x000001dcc424cb60 JavaThread "Unconstrained build operations Thread 20"        [_thread_blocked, id=13340, stack(0x00000062bca00000,0x00000062bcb00000) (1024K)]
  0x000001dcc424f2c0 JavaThread "Unconstrained build operations Thread 21"        [_thread_blocked, id=3116, stack(0x00000062bcb00000,0x00000062bcc00000) (1024K)]
  0x000001dcc4251a20 JavaThread "Unconstrained build operations Thread 22"        [_thread_blocked, id=14496, stack(0x00000062bcc00000,0x00000062bcd00000) (1024K)]
  0x000001dcc34cd5e0 JavaThread "Unconstrained build operations Thread 23"        [_thread_blocked, id=2316, stack(0x00000062bcd00000,0x00000062bce00000) (1024K)]
  0x000001dcc34cae80 JavaThread "Unconstrained build operations Thread 24"        [_thread_blocked, id=9420, stack(0x00000062bce00000,0x00000062bcf00000) (1024K)]
  0x000001dcc34cdc70 JavaThread "Unconstrained build operations Thread 25"        [_thread_blocked, id=16564, stack(0x00000062bcf00000,0x00000062bd000000) (1024K)]
  0x000001dcc34c8db0 JavaThread "Unconstrained build operations Thread 26"        [_thread_blocked, id=4580, stack(0x00000062bd000000,0x00000062bd100000) (1024K)]
  0x000001dcc34c8720 JavaThread "Unconstrained build operations Thread 27"        [_thread_blocked, id=1372, stack(0x00000062bd100000,0x00000062bd200000) (1024K)]
  0x000001dcc34c7a00 JavaThread "Unconstrained build operations Thread 28"        [_thread_blocked, id=13440, stack(0x00000062bd200000,0x00000062bd300000) (1024K)]
  0x000001dcc34c6ce0 JavaThread "Unconstrained build operations Thread 29"        [_thread_blocked, id=16804, stack(0x00000062bd300000,0x00000062bd400000) (1024K)]
  0x000001dcc34ca7f0 JavaThread "Unconstrained build operations Thread 30"        [_thread_blocked, id=8420, stack(0x00000062bd400000,0x00000062bd500000) (1024K)]
  0x000001dcc34c8090 JavaThread "Unconstrained build operations Thread 31"        [_thread_blocked, id=11032, stack(0x00000062bd500000,0x00000062bd600000) (1024K)]
  0x000001dcc34ce300 JavaThread "Unconstrained build operations Thread 32"        [_thread_blocked, id=9912, stack(0x00000062bd600000,0x00000062bd700000) (1024K)]
  0x000001dcc34c7370 JavaThread "Unconstrained build operations Thread 33"        [_thread_blocked, id=10348, stack(0x00000062bd700000,0x00000062bd800000) (1024K)]
  0x000001dcc34c9440 JavaThread "Unconstrained build operations Thread 34"        [_thread_blocked, id=11656, stack(0x00000062bd800000,0x00000062bd900000) (1024K)]
  0x000001dcc34cbba0 JavaThread "Unconstrained build operations Thread 35"        [_thread_blocked, id=10312, stack(0x00000062bd900000,0x00000062bda00000) (1024K)]
  0x000001dcc34ca160 JavaThread "Unconstrained build operations Thread 36"        [_thread_blocked, id=11512, stack(0x00000062bda00000,0x00000062bdb00000) (1024K)]
  0x000001dcc34ccf50 JavaThread "Memory manager"                    [_thread_blocked, id=16228, stack(0x00000062bdb00000,0x00000062bdc00000) (1024K)]
Total: 78

Other Threads:
  0x000001dcd6d9cea0 VMThread "VM Thread"                           [id=2680, stack(0x00000062b8200000,0x00000062b8300000) (1024K)]
  0x000001dcf7513330 WatcherThread "VM Periodic Task Thread"        [id=2204, stack(0x00000062b8100000,0x00000062b8200000) (1024K)]
  0x000001dcd6d9e0c0 WorkerThread "GC Thread#0"                     [id=2240, stack(0x00000062b7c00000,0x00000062b7d00000) (1024K)]
  0x000001dcd6d9d5e0 WorkerThread "GC Thread#1"                     [id=4784, stack(0x00000062b8e00000,0x00000062b8f00000) (1024K)]
  0x000001dcd6d9dd20 WorkerThread "GC Thread#2"                     [id=3324, stack(0x00000062b8f00000,0x00000062b9000000) (1024K)]
  0x000001dcd6d9c760 WorkerThread "GC Thread#3"                     [id=7092, stack(0x00000062b9000000,0x00000062b9100000) (1024K)]
  0x000001dcfcaa7970 WorkerThread "GC Thread#4"                     [id=10560, stack(0x00000062b9100000,0x00000062b9200000) (1024K)]
  0x000001dcfcaa80b0 WorkerThread "GC Thread#5"                     [id=5536, stack(0x00000062b9200000,0x00000062b9300000) (1024K)]
  0x000001dcfcaa6750 WorkerThread "GC Thread#6"                     [id=6040, stack(0x00000062ba200000,0x00000062ba300000) (1024K)]
  0x000001dcfcaa6af0 WorkerThread "GC Thread#7"                     [id=1244, stack(0x00000062ba300000,0x00000062ba400000) (1024K)]
  0x000001dcfcaa7230 WorkerThread "GC Thread#8"                     [id=13652, stack(0x00000062ba400000,0x00000062ba500000) (1024K)]
  0x000001dcfcaa9db0 WorkerThread "GC Thread#9"                     [id=12532, stack(0x00000062ba500000,0x00000062ba600000) (1024K)]
  0x000001dcd9120f10 ConcurrentGCThread "G1 Main Marker"            [id=17708, stack(0x00000062b7d00000,0x00000062b7e00000) (1024K)]
  0x000001dcd6d9cb00 WorkerThread "G1 Conc#0"                       [id=14104, stack(0x00000062b7e00000,0x00000062b7f00000) (1024K)]
  0x000001dcfcaa6e90 WorkerThread "G1 Conc#1"                       [id=9296, stack(0x00000062ba600000,0x00000062ba700000) (1024K)]
  0x000001dcfcaa75d0 WorkerThread "G1 Conc#2"                       [id=20020, stack(0x00000062ba700000,0x00000062ba800000) (1024K)]
  0x000001dcf73d11f0 ConcurrentGCThread "G1 Refine#0"               [id=17376, stack(0x00000062b7f00000,0x00000062b8000000) (1024K)]
  0x000001dcf73d2a20 ConcurrentGCThread "G1 Service"                [id=3400, stack(0x00000062b8000000,0x00000062b8100000) (1024K)]
Total: 18

Threads with active compile tasks:
C2 CompilerThread0     6034 7648       4       org.gradle.internal.instantiation.generator.AbstractClassGenerator::inspectType (560 bytes)
C1 CompilerThread0     6034 7754       3       org.gradle.api.internal.provider.Collectors$SingleElement::<init> (10 bytes)
C2 CompilerThread1     6034 7707       4       groovy.lang.MetaClassImpl$1MOPIter::processFastArray (133 bytes)
Total: 3

VM state: not at safepoint (normal execution)

VM Mutex/Monitor currently owned by a thread: None

Heap address: 0x0000000740000000, size: 3072 MB, Compressed Oops mode: Zero based, Oop shift amount: 3

CDS archive(s) mapped at: [0x000001dc80000000-0x000001dc80c90000-0x000001dc80c90000), size 13172736, SharedBaseAddress: 0x000001dc80000000, ArchiveRelocationMode: 1.
Compressed class space mapped at: 0x000001dc81000000-0x000001dcc1000000, reserved size: 1073741824
Narrow klass base: 0x000001dc80000000, Narrow klass shift: 0, Narrow klass range: 0x100000000

GC Precious Log:
 CardTable entry size: 512
 Card Set container configuration: InlinePtr #cards 4 size 8 Array Of Cards #cards 16 size 48 Howl #buckets 8 coarsen threshold 3686 Howl Bitmap #cards 512 size 80 coarsen threshold 460 Card regions per heap region 1 cards per card region 4096
 CPUs: 12 total, 12 available
 Memory: 16333M
 Large Page Support: Disabled
 NUMA Support: Disabled
 Compressed Oops: Enabled (Zero based)
 Heap Region Size: 2M
 Heap Min Capacity: 8M
 Heap Initial Capacity: 256M
 Heap Max Capacity: 3G
 Pre-touch: Disabled
 Parallel Workers: 10
 Concurrent Workers: 3
 Concurrent Refinement Workers: 10
 Periodic GC: Disabled

Heap:
 garbage-first heap   total 141312K, used 82679K [0x0000000740000000, 0x0000000800000000)
  region size 2048K, 18 young (36864K), 5 survivors (10240K)
 Metaspace       used 65782K, committed 67840K, reserved 1114112K
  class space    used 9454K, committed 10496K, reserved 1048576K

Heap Regions: E=young(eden), S=young(survivor), O=old, HS=humongous(starts), HC=humongous(continues), CS=collection set, F=free, TAMS=top-at-mark-start, PB=parsable bottom
|   0|0x0000000740000000, 0x0000000740200000, 0x0000000740200000|100%|HS|  |TAMS 0x0000000740000000| PB 0x0000000740000000| Complete 
|   1|0x0000000740200000, 0x0000000740400000, 0x0000000740400000|100%|HC|  |TAMS 0x0000000740200000| PB 0x0000000740200000| Complete 
|   2|0x0000000740400000, 0x0000000740600000, 0x0000000740600000|100%| O|  |TAMS 0x0000000740400000| PB 0x0000000740400000| Untracked 
|   3|0x0000000740600000, 0x0000000740800000, 0x0000000740800000|100%| O|  |TAMS 0x0000000740600000| PB 0x0000000740600000| Untracked 
|   4|0x0000000740800000, 0x0000000740a00000, 0x0000000740a00000|100%| O|  |TAMS 0x0000000740800000| PB 0x0000000740800000| Untracked 
|   5|0x0000000740a00000, 0x0000000740c00000, 0x0000000740c00000|100%| O|  |TAMS 0x0000000740a00000| PB 0x0000000740a00000| Untracked 
|   6|0x0000000740c00000, 0x0000000740e00000, 0x0000000740e00000|100%| O|  |TAMS 0x0000000740c00000| PB 0x0000000740c00000| Untracked 
|   7|0x0000000740e00000, 0x0000000741000000, 0x0000000741000000|100%| O|  |TAMS 0x0000000740e00000| PB 0x0000000740e00000| Untracked 
|   8|0x0000000741000000, 0x0000000741200000, 0x0000000741200000|100%| O|  |TAMS 0x0000000741000000| PB 0x0000000741000000| Untracked 
|   9|0x0000000741200000, 0x0000000741400000, 0x0000000741400000|100%| O|  |TAMS 0x0000000741200000| PB 0x0000000741200000| Untracked 
|  10|0x0000000741400000, 0x0000000741600000, 0x0000000741600000|100%| O|  |TAMS 0x0000000741400000| PB 0x0000000741400000| Untracked 
|  11|0x0000000741600000, 0x0000000741800000, 0x0000000741800000|100%| O|  |TAMS 0x0000000741600000| PB 0x0000000741600000| Untracked 
|  12|0x0000000741800000, 0x0000000741a00000, 0x0000000741a00000|100%| O|  |TAMS 0x0000000741800000| PB 0x0000000741800000| Untracked 
|  13|0x0000000741a00000, 0x0000000741c00000, 0x0000000741c00000|100%| O|Cm|TAMS 0x0000000741a00000| PB 0x0000000741a00000| Complete 
|  14|0x0000000741c00000, 0x0000000741e00000, 0x0000000741e00000|100%| O|  |TAMS 0x0000000741c00000| PB 0x0000000741c00000| Untracked 
|  15|0x0000000741e00000, 0x0000000742000000, 0x0000000742000000|100%| O|  |TAMS 0x0000000741e00000| PB 0x0000000741e00000| Untracked 
|  16|0x0000000742000000, 0x0000000742200000, 0x0000000742200000|100%| O|  |TAMS 0x0000000742000000| PB 0x0000000742000000| Untracked 
|  17|0x0000000742200000, 0x00000007422bdd20, 0x0000000742400000| 37%| O|  |TAMS 0x0000000742200000| PB 0x0000000742200000| Untracked 
|  18|0x0000000742400000, 0x0000000742400000, 0x0000000742600000|  0%| F|  |TAMS 0x0000000742400000| PB 0x0000000742400000| Untracked 
|  19|0x0000000742600000, 0x0000000742600000, 0x0000000742800000|  0%| F|  |TAMS 0x0000000742600000| PB 0x0000000742600000| Untracked 
|  20|0x0000000742800000, 0x0000000742800000, 0x0000000742a00000|  0%| F|  |TAMS 0x0000000742800000| PB 0x0000000742800000| Untracked 
|  21|0x0000000742a00000, 0x0000000742a00000, 0x0000000742c00000|  0%| F|  |TAMS 0x0000000742a00000| PB 0x0000000742a00000| Untracked 
|  22|0x0000000742c00000, 0x0000000742e00000, 0x0000000742e00000|100%| S|CS|TAMS 0x0000000742c00000| PB 0x0000000742c00000| Complete 
|  23|0x0000000742e00000, 0x0000000743000000, 0x0000000743000000|100%| S|CS|TAMS 0x0000000742e00000| PB 0x0000000742e00000| Complete 
|  24|0x0000000743000000, 0x0000000743200000, 0x0000000743200000|100%| S|CS|TAMS 0x0000000743000000| PB 0x0000000743000000| Complete 
|  25|0x0000000743200000, 0x0000000743400000, 0x0000000743400000|100%| S|CS|TAMS 0x0000000743200000| PB 0x0000000743200000| Complete 
|  26|0x0000000743400000, 0x0000000743600000, 0x0000000743600000|100%| S|CS|TAMS 0x0000000743400000| PB 0x0000000743400000| Complete 
|  27|0x0000000743600000, 0x0000000743600000, 0x0000000743800000|  0%| F|  |TAMS 0x0000000743600000| PB 0x0000000743600000| Untracked 
|  28|0x0000000743800000, 0x0000000743800000, 0x0000000743a00000|  0%| F|  |TAMS 0x0000000743800000| PB 0x0000000743800000| Untracked 
|  29|0x0000000743a00000, 0x0000000743a00000, 0x0000000743c00000|  0%| F|  |TAMS 0x0000000743a00000| PB 0x0000000743a00000| Untracked 
|  30|0x0000000743c00000, 0x0000000743c00000, 0x0000000743e00000|  0%| F|  |TAMS 0x0000000743c00000| PB 0x0000000743c00000| Untracked 
|  31|0x0000000743e00000, 0x0000000743e00000, 0x0000000744000000|  0%| F|  |TAMS 0x0000000743e00000| PB 0x0000000743e00000| Untracked 
|  32|0x0000000744000000, 0x0000000744000000, 0x0000000744200000|  0%| F|  |TAMS 0x0000000744000000| PB 0x0000000744000000| Untracked 
|  33|0x0000000744200000, 0x0000000744200000, 0x0000000744400000|  0%| F|  |TAMS 0x0000000744200000| PB 0x0000000744200000| Untracked 
|  34|0x0000000744400000, 0x0000000744400000, 0x0000000744600000|  0%| F|  |TAMS 0x0000000744400000| PB 0x0000000744400000| Untracked 
|  35|0x0000000744600000, 0x0000000744600000, 0x0000000744800000|  0%| F|  |TAMS 0x0000000744600000| PB 0x0000000744600000| Untracked 
|  36|0x0000000744800000, 0x0000000744800000, 0x0000000744a00000|  0%| F|  |TAMS 0x0000000744800000| PB 0x0000000744800000| Untracked 
|  37|0x0000000744a00000, 0x0000000744a00000, 0x0000000744c00000|  0%| F|  |TAMS 0x0000000744a00000| PB 0x0000000744a00000| Untracked 
|  38|0x0000000744c00000, 0x0000000744c00000, 0x0000000744e00000|  0%| F|  |TAMS 0x0000000744c00000| PB 0x0000000744c00000| Untracked 
|  39|0x0000000744e00000, 0x0000000744e00000, 0x0000000745000000|  0%| F|  |TAMS 0x0000000744e00000| PB 0x0000000744e00000| Untracked 
|  40|0x0000000745000000, 0x0000000745000000, 0x0000000745200000|  0%| F|  |TAMS 0x0000000745000000| PB 0x0000000745000000| Untracked 
|  41|0x0000000745200000, 0x0000000745200000, 0x0000000745400000|  0%| F|  |TAMS 0x0000000745200000| PB 0x0000000745200000| Untracked 
|  42|0x0000000745400000, 0x0000000745400000, 0x0000000745600000|  0%| F|  |TAMS 0x0000000745400000| PB 0x0000000745400000| Untracked 
|  43|0x0000000745600000, 0x0000000745600000, 0x0000000745800000|  0%| F|  |TAMS 0x0000000745600000| PB 0x0000000745600000| Untracked 
|  44|0x0000000745800000, 0x0000000745800000, 0x0000000745a00000|  0%| F|  |TAMS 0x0000000745800000| PB 0x0000000745800000| Untracked 
|  45|0x0000000745a00000, 0x0000000745a00000, 0x0000000745c00000|  0%| F|  |TAMS 0x0000000745a00000| PB 0x0000000745a00000| Untracked 
|  46|0x0000000745c00000, 0x0000000745c00000, 0x0000000745e00000|  0%| F|  |TAMS 0x0000000745c00000| PB 0x0000000745c00000| Untracked 
|  47|0x0000000745e00000, 0x0000000745e00000, 0x0000000746000000|  0%| F|  |TAMS 0x0000000745e00000| PB 0x0000000745e00000| Untracked 
|  48|0x0000000746000000, 0x0000000746000000, 0x0000000746200000|  0%| F|  |TAMS 0x0000000746000000| PB 0x0000000746000000| Untracked 
|  49|0x0000000746200000, 0x0000000746200000, 0x0000000746400000|  0%| F|  |TAMS 0x0000000746200000| PB 0x0000000746200000| Untracked 
|  50|0x0000000746400000, 0x000000074651d9f0, 0x0000000746600000| 55%| E|  |TAMS 0x0000000746400000| PB 0x0000000746400000| Complete 
|  51|0x0000000746600000, 0x0000000746800000, 0x0000000746800000|100%| E|CS|TAMS 0x0000000746600000| PB 0x0000000746600000| Complete 
|  52|0x0000000746800000, 0x0000000746a00000, 0x0000000746a00000|100%| E|CS|TAMS 0x0000000746800000| PB 0x0000000746800000| Complete 
|  53|0x0000000746a00000, 0x0000000746c00000, 0x0000000746c00000|100%| E|CS|TAMS 0x0000000746a00000| PB 0x0000000746a00000| Complete 
|  61|0x0000000747a00000, 0x0000000747c00000, 0x0000000747c00000|100%| E|CS|TAMS 0x0000000747a00000| PB 0x0000000747a00000| Complete 
|  62|0x0000000747c00000, 0x0000000747e00000, 0x0000000747e00000|100%| E|CS|TAMS 0x0000000747c00000| PB 0x0000000747c00000| Complete 
|  63|0x0000000747e00000, 0x0000000748000000, 0x0000000748000000|100%| E|CS|TAMS 0x0000000747e00000| PB 0x0000000747e00000| Complete 
|  64|0x0000000748000000, 0x0000000748200000, 0x0000000748200000|100%| E|CS|TAMS 0x0000000748000000| PB 0x0000000748000000| Complete 
|  65|0x0000000748200000, 0x0000000748400000, 0x0000000748400000|100%| E|CS|TAMS 0x0000000748200000| PB 0x0000000748200000| Complete 
|  66|0x0000000748400000, 0x0000000748600000, 0x0000000748600000|100%| E|CS|TAMS 0x0000000748400000| PB 0x0000000748400000| Complete 
|  67|0x0000000748600000, 0x0000000748800000, 0x0000000748800000|100%| E|CS|TAMS 0x0000000748600000| PB 0x0000000748600000| Complete 
| 127|0x000000074fe00000, 0x0000000750000000, 0x0000000750000000|100%| E|CS|TAMS 0x000000074fe00000| PB 0x000000074fe00000| Complete 
|1529|0x00000007ff200000, 0x00000007ff400000, 0x00000007ff400000|100%| E|CS|TAMS 0x00000007ff200000| PB 0x00000007ff200000| Complete 
|1530|0x00000007ff400000, 0x00000007ff600000, 0x00000007ff600000|100%| O|  |TAMS 0x00000007ff400000| PB 0x00000007ff400000| Untracked 
|1531|0x00000007ff600000, 0x00000007ff800000, 0x00000007ff800000|100%| O|  |TAMS 0x00000007ff600000| PB 0x00000007ff600000| Untracked 
|1532|0x00000007ff800000, 0x00000007ffa00000, 0x00000007ffa00000|100%| O|  |TAMS 0x00000007ff800000| PB 0x00000007ff800000| Untracked 
|1533|0x00000007ffa00000, 0x00000007ffc00000, 0x00000007ffc00000|100%| O|  |TAMS 0x00000007ffa00000| PB 0x00000007ffa00000| Untracked 
|1534|0x00000007ffc00000, 0x00000007ffe00000, 0x00000007ffe00000|100%| O|  |TAMS 0x00000007ffc00000| PB 0x00000007ffc00000| Untracked 
|1535|0x00000007ffe00000, 0x0000000800000000, 0x0000000800000000|100%| O|  |TAMS 0x00000007ffe00000| PB 0x00000007ffe00000| Untracked 

Card table byte_map: [0x000001dcf12c0000,0x000001dcf18c0000] _byte_map_base: 0x000001dced8c0000

Marking Bits: (CMBitMap*) 0x000001dcd9113e20
 Bits: [0x000001dcf18c0000, 0x000001dcf48c0000)

Polling page: 0x000001dcd8860000

Metaspace:

Usage:
  Non-class:     55.01 MB used.
      Class:      9.23 MB used.
       Both:     64.24 MB used.

Virtual space:
  Non-class space:       64.00 MB reserved,      56.00 MB ( 88%) committed,  1 nodes.
      Class space:        1.00 GB reserved,      10.25 MB (  1%) committed,  1 nodes.
             Both:        1.06 GB reserved,      66.25 MB (  6%) committed. 

Chunk freelists:
   Non-Class:  7.82 MB
       Class:  5.66 MB
        Both:  13.48 MB

MaxMetaspaceSize: unlimited
CompressedClassSpaceSize: 1.00 GB
Initial GC threshold: 21.00 MB
Current GC threshold: 99.31 MB
CDS: on
 - commit_granule_bytes: 65536.
 - commit_granule_words: 8192.
 - virtual_space_node_default_size: 8388608.
 - enlarge_chunks_in_place: 1.
 - use_allocation_guard: 0.


Internal statistics:

num_allocs_failed_limit: 12.
num_arena_births: 3614.
num_arena_deaths: 0.
num_vsnodes_births: 2.
num_vsnodes_deaths: 0.
num_space_committed: 1060.
num_space_uncommitted: 0.
num_chunks_returned_to_freelist: 12.
num_chunks_taken_from_freelist: 6726.
num_chunk_merges: 9.
num_chunk_splits: 4325.
num_chunks_enlarged: 2671.
num_inconsistent_stats: 0.

CodeHeap 'non-profiled nmethods': size=120000Kb used=4159Kb max_used=4159Kb free=115840Kb
 bounds [0x000001dce9240000, 0x000001dce9650000, 0x000001dcf0770000]
CodeHeap 'profiled nmethods': size=120000Kb used=14124Kb max_used=14124Kb free=105875Kb
 bounds [0x000001dce1770000, 0x000001dce2540000, 0x000001dce8ca0000]
CodeHeap 'non-nmethods': size=5760Kb used=2786Kb max_used=2831Kb free=2973Kb
 bounds [0x000001dce8ca0000, 0x000001dce8f70000, 0x000001dce9240000]
 total_blobs=7996 nmethods=7094 adapters=806
 compilation: enabled
              stopped_count=0, restarted_count=0
 full_count=0

Compilation events (20 events):
Event: 5.934 Thread 0x000001dcf756e1c0 7684       3       org.gradle.internal.event.DefaultListenerManager$EventBroadcast::doStartNotification (48 bytes)
Event: 5.934 Thread 0x000001dcf756e1c0 nmethod 7684 0x000001dce250ae10 code [0x000001dce250b060, 0x000001dce250baa0]
Event: 5.934 Thread 0x000001dcf756e1c0 7685       3       org.gradle.api.reflect.TypeOf::typeWhichCannotBeNull (16 bytes)
Event: 5.934 Thread 0x000001dcf756e1c0 nmethod 7685 0x000001dce250bd10 code [0x000001dce250bec0, 0x000001dce250c0b0]
Event: 5.934 Thread 0x000001dcf756e1c0 7683       3       org.gradle.internal.event.DefaultListenerManager$EventBroadcast::takeOwnership (45 bytes)
Event: 5.935 Thread 0x000001dcf756e1c0 nmethod 7683 0x000001dce250c190 code [0x000001dce250c480, 0x000001dce250d498]
Event: 5.940 Thread 0x000001dcf756e1c0 7686       1       com.sun.org.apache.xerces.internal.utils.XMLSecurityManager$Limit::systemProperty (5 bytes)
Event: 5.940 Thread 0x000001dcf756e1c0 nmethod 7686 0x000001dce963dc10 code [0x000001dce963dda0, 0x000001dce963de70]
Event: 5.952 Thread 0x000001dcf756e1c0 7687       3       java.util.Arrays::fill (28 bytes)
Event: 5.952 Thread 0x000001dcf756e1c0 nmethod 7687 0x000001dce250da10 code [0x000001dce250dbc0, 0x000001dce250ddd8]
Event: 5.952 Thread 0x000001dcf756e1c0 7688       1       com.sun.org.apache.xerces.internal.util.Status::isExceptional (5 bytes)
Event: 5.953 Thread 0x000001dcf756e1c0 nmethod 7688 0x000001dce963df10 code [0x000001dce963e0a0, 0x000001dce963e170]
Event: 5.957 Thread 0x000001dcf756e1c0 7689       3       com.sun.org.apache.xerces.internal.util.XMLChar::isContent (35 bytes)
Event: 5.957 Thread 0x000001dcf756e1c0 nmethod 7689 0x000001dce250df10 code [0x000001dce250e0c0, 0x000001dce250e2e0]
Event: 5.957 Thread 0x000001dcf756e1c0 7690       3       com.sun.org.apache.xerces.internal.dom.DeferredDocumentImpl::setChunkIndex (67 bytes)
Event: 5.957 Thread 0x000001dcf756e1c0 nmethod 7690 0x000001dce250e390 code [0x000001dce250e560, 0x000001dce250e870]
Event: 5.966 Thread 0x000001dcf756e1c0 7692       3       com.sun.org.apache.xpath.internal.compiler.OpMapVector::elementAt (7 bytes)
Event: 5.966 Thread 0x000001dcf756e1c0 nmethod 7692 0x000001dce250ea10 code [0x000001dce250ebc0, 0x000001dce250ed00]
Event: 5.966 Thread 0x000001dcf756e1c0 7691       3       com.sun.org.apache.xpath.internal.compiler.OpMap::getOp (9 bytes)
Event: 5.967 Thread 0x000001dcf756e1c0 nmethod 7691 0x000001dce250ee10 code [0x000001dce250efc0, 0x000001dce250f168]

GC Heap History (20 events):
Event: 2.811 GC heap before
{Heap before GC invocations=4 (full 0):
 garbage-first heap   total 96256K, used 91048K [0x0000000740000000, 0x0000000800000000)
  region size 2048K, 41 young (83968K), 7 survivors (14336K)
 Metaspace       used 30010K, committed 31232K, reserved 1114112K
  class space    used 4571K, committed 5184K, reserved 1048576K
}
Event: 2.817 GC heap after
{Heap after GC invocations=5 (full 0):
 garbage-first heap   total 116736K, used 27618K [0x0000000740000000, 0x0000000800000000)
  region size 2048K, 3 young (6144K), 3 survivors (6144K)
 Metaspace       used 30010K, committed 31232K, reserved 1114112K
  class space    used 4571K, committed 5184K, reserved 1048576K
}
Event: 3.079 GC heap before
{Heap before GC invocations=5 (full 0):
 garbage-first heap   total 116736K, used 48098K [0x0000000740000000, 0x0000000800000000)
  region size 2048K, 14 young (28672K), 3 survivors (6144K)
 Metaspace       used 34801K, committed 35968K, reserved 1114112K
  class space    used 5061K, committed 5632K, reserved 1048576K
}
Event: 3.081 GC heap after
{Heap after GC invocations=6 (full 0):
 garbage-first heap   total 116736K, used 30136K [0x0000000740000000, 0x0000000800000000)
  region size 2048K, 4 young (8192K), 4 survivors (8192K)
 Metaspace       used 34801K, committed 35968K, reserved 1114112K
  class space    used 5061K, committed 5632K, reserved 1048576K
}
Event: 3.101 GC heap before
{Heap before GC invocations=6 (full 0):
 garbage-first heap   total 116736K, used 32184K [0x0000000740000000, 0x0000000800000000)
  region size 2048K, 6 young (12288K), 4 survivors (8192K)
 Metaspace       used 35073K, committed 36288K, reserved 1114112K
  class space    used 5091K, committed 5632K, reserved 1048576K
}
Event: 3.103 GC heap after
{Heap after GC invocations=7 (full 0):
 garbage-first heap   total 116736K, used 31979K [0x0000000740000000, 0x0000000800000000)
  region size 2048K, 3 young (6144K), 3 survivors (6144K)
 Metaspace       used 35073K, committed 36288K, reserved 1114112K
  class space    used 5091K, committed 5632K, reserved 1048576K
}
Event: 3.424 GC heap before
{Heap before GC invocations=8 (full 0):
 garbage-first heap   total 116736K, used 79083K [0x0000000740000000, 0x0000000800000000)
  region size 2048K, 25 young (51200K), 3 survivors (6144K)
 Metaspace       used 37926K, committed 39296K, reserved 1114112K
  class space    used 5372K, committed 6016K, reserved 1048576K
}
Event: 3.427 GC heap after
{Heap after GC invocations=9 (full 0):
 garbage-first heap   total 116736K, used 36219K [0x0000000740000000, 0x0000000800000000)
  region size 2048K, 4 young (8192K), 4 survivors (8192K)
 Metaspace       used 37926K, committed 39296K, reserved 1114112K
  class space    used 5372K, committed 6016K, reserved 1048576K
}
Event: 3.767 GC heap before
{Heap before GC invocations=9 (full 0):
 garbage-first heap   total 116736K, used 83323K [0x0000000740000000, 0x0000000800000000)
  region size 2048K, 27 young (55296K), 4 survivors (8192K)
 Metaspace       used 42438K, committed 43904K, reserved 1114112K
  class space    used 6103K, committed 6848K, reserved 1048576K
}
Event: 3.770 GC heap after
{Heap after GC invocations=10 (full 0):
 garbage-first heap   total 116736K, used 37778K [0x0000000740000000, 0x0000000800000000)
  region size 2048K, 2 young (4096K), 2 survivors (4096K)
 Metaspace       used 42438K, committed 43904K, reserved 1114112K
  class space    used 6103K, committed 6848K, reserved 1048576K
}
Event: 4.205 GC heap before
{Heap before GC invocations=10 (full 0):
 garbage-first heap   total 116736K, used 84882K [0x0000000740000000, 0x0000000800000000)
  region size 2048K, 26 young (53248K), 2 survivors (4096K)
 Metaspace       used 48244K, committed 49920K, reserved 1114112K
  class space    used 6955K, committed 7744K, reserved 1048576K
}
Event: 4.207 GC heap after
{Heap after GC invocations=11 (full 0):
 garbage-first heap   total 116736K, used 41596K [0x0000000740000000, 0x0000000800000000)
  region size 2048K, 4 young (8192K), 4 survivors (8192K)
 Metaspace       used 48244K, committed 49920K, reserved 1114112K
  class space    used 6955K, committed 7744K, reserved 1048576K
}
Event: 4.527 GC heap before
{Heap before GC invocations=11 (full 0):
 garbage-first heap   total 116736K, used 90748K [0x0000000740000000, 0x0000000800000000)
  region size 2048K, 28 young (57344K), 4 survivors (8192K)
 Metaspace       used 50729K, committed 52480K, reserved 1114112K
  class space    used 7313K, committed 8192K, reserved 1048576K
}
Event: 4.531 GC heap after
{Heap after GC invocations=12 (full 0):
 garbage-first heap   total 116736K, used 44873K [0x0000000740000000, 0x0000000800000000)
  region size 2048K, 4 young (8192K), 4 survivors (8192K)
 Metaspace       used 50729K, committed 52480K, reserved 1114112K
  class space    used 7313K, committed 8192K, reserved 1048576K
}
Event: 4.912 GC heap before
{Heap before GC invocations=12 (full 0):
 garbage-first heap   total 116736K, used 94025K [0x0000000740000000, 0x0000000800000000)
  region size 2048K, 28 young (57344K), 4 survivors (8192K)
 Metaspace       used 56694K, committed 58624K, reserved 1114112K
  class space    used 8142K, committed 9088K, reserved 1048576K
}
Event: 4.916 GC heap after
{Heap after GC invocations=13 (full 0):
 garbage-first heap   total 116736K, used 48247K [0x0000000740000000, 0x0000000800000000)
  region size 2048K, 4 young (8192K), 4 survivors (8192K)
 Metaspace       used 56694K, committed 58624K, reserved 1114112K
  class space    used 8142K, committed 9088K, reserved 1048576K
}
Event: 5.116 GC heap before
{Heap before GC invocations=13 (full 0):
 garbage-first heap   total 116736K, used 76919K [0x0000000740000000, 0x0000000800000000)
  region size 2048K, 19 young (38912K), 4 survivors (8192K)
 Metaspace       used 58854K, committed 60736K, reserved 1114112K
  class space    used 8523K, committed 9472K, reserved 1048576K
}
Event: 5.119 GC heap after
{Heap after GC invocations=14 (full 0):
 garbage-first heap   total 141312K, used 50245K [0x0000000740000000, 0x0000000800000000)
  region size 2048K, 3 young (6144K), 3 survivors (6144K)
 Metaspace       used 58854K, committed 60736K, reserved 1114112K
  class space    used 8523K, committed 9472K, reserved 1048576K
}
Event: 5.677 GC heap before
{Heap before GC invocations=15 (full 0):
 garbage-first heap   total 141312K, used 115781K [0x0000000740000000, 0x0000000800000000)
  region size 2048K, 36 young (73728K), 3 survivors (6144K)
 Metaspace       used 61805K, committed 63872K, reserved 1114112K
  class space    used 8898K, committed 9920K, reserved 1048576K
}
Event: 5.682 GC heap after
{Heap after GC invocations=16 (full 0):
 garbage-first heap   total 141312K, used 58103K [0x0000000740000000, 0x0000000800000000)
  region size 2048K, 5 young (10240K), 5 survivors (10240K)
 Metaspace       used 61805K, committed 63872K, reserved 1114112K
  class space    used 8898K, committed 9920K, reserved 1048576K
}

Dll operation events (15 events):
Event: 0.006 Loaded shared library C:\Users\ArneL\.jdks\temurin-21.0.3\bin\java.dll
Event: 0.030 Loaded shared library C:\Users\ArneL\.jdks\temurin-21.0.3\bin\jsvml.dll
Event: 0.062 Loaded shared library C:\Users\ArneL\.jdks\temurin-21.0.3\bin\zip.dll
Event: 0.064 Loaded shared library C:\Users\ArneL\.jdks\temurin-21.0.3\bin\instrument.dll
Event: 0.067 Loaded shared library C:\Users\ArneL\.jdks\temurin-21.0.3\bin\net.dll
Event: 0.069 Loaded shared library C:\Users\ArneL\.jdks\temurin-21.0.3\bin\nio.dll
Event: 0.073 Loaded shared library C:\Users\ArneL\.jdks\temurin-21.0.3\bin\zip.dll
Event: 0.294 Loaded shared library C:\Users\ArneL\.jdks\temurin-21.0.3\bin\jimage.dll
Event: 0.354 Loaded shared library C:\Users\ArneL\.jdks\temurin-21.0.3\bin\verify.dll
Event: 0.447 Loaded shared library C:\Users\ArneL\.gradle\native\c067742578af261105cb4f569cf0c3c89f3d7b1fecec35dd04571415982c5e48\windows-amd64\native-platform.dll
Event: 0.453 Loaded shared library C:\Users\ArneL\.gradle\native\100fb08df4bc3b14c8652ba06237920a3bd2aa13389f12d3474272988ae205f9\windows-amd64\native-platform-file-events.dll
Event: 1.210 Loaded shared library C:\Users\ArneL\.jdks\temurin-21.0.3\bin\management.dll
Event: 1.212 Loaded shared library C:\Users\ArneL\.jdks\temurin-21.0.3\bin\management_ext.dll
Event: 1.339 Loaded shared library C:\Users\ArneL\.jdks\temurin-21.0.3\bin\extnet.dll
Event: 1.436 Loaded shared library C:\Users\ArneL\.jdks\temurin-21.0.3\bin\sunmscapi.dll

Deoptimization events (20 events):
Event: 5.823 Thread 0x000001dcfd86c9d0 DEOPT PACKING pc=0x000001dce944a96c sp=0x00000062b99f8940
Event: 5.823 Thread 0x000001dcfd86c9d0 DEOPT UNPACKING pc=0x000001dce8cf46a2 sp=0x00000062b99f8870 mode 2
Event: 5.828 Thread 0x000001dcfd86c9d0 Uncommon trap: trap_request=0xffffff45 fr.pc=0x000001dce95fd700 relative=0x0000000000000440
Event: 5.828 Thread 0x000001dcfd86c9d0 Uncommon trap: reason=unstable_if action=reinterpret pc=0x000001dce95fd700 method=org.gradle.internal.instantiation.generator.DependencyInjectingInstantiator.verifyParameters(Lorg/gradle/internal/instantiation/generator/ClassGenerator$GeneratedConstructor
Event: 5.828 Thread 0x000001dcfd86c9d0 DEOPT PACKING pc=0x000001dce95fd700 sp=0x00000062b99f8bf0
Event: 5.828 Thread 0x000001dcfd86c9d0 DEOPT UNPACKING pc=0x000001dce8cf46a2 sp=0x00000062b99f8b90 mode 2
Event: 5.829 Thread 0x000001dcfd86c9d0 Uncommon trap: trap_request=0xffffffde fr.pc=0x000001dce944a96c relative=0x00000000000054ec
Event: 5.829 Thread 0x000001dcfd86c9d0 Uncommon trap: reason=class_check action=maybe_recompile pc=0x000001dce944a96c method=java.net.URLClassLoader.defineClass(Ljava/lang/String;Ljdk/internal/loader/Resource;)Ljava/lang/Class; @ 34 c2
Event: 5.829 Thread 0x000001dcfd86c9d0 DEOPT PACKING pc=0x000001dce944a96c sp=0x00000062b99f8940
Event: 5.829 Thread 0x000001dcfd86c9d0 DEOPT UNPACKING pc=0x000001dce8cf46a2 sp=0x00000062b99f8870 mode 2
Event: 5.831 Thread 0x000001dcfd86c9d0 Uncommon trap: trap_request=0xffffffde fr.pc=0x000001dce9458574 relative=0x00000000000053d4
Event: 5.831 Thread 0x000001dcfd86c9d0 Uncommon trap: reason=class_check action=maybe_recompile pc=0x000001dce9458574 method=java.net.URLClassLoader.defineClass(Ljava/lang/String;Ljdk/internal/loader/Resource;)Ljava/lang/Class; @ 34 c2
Event: 5.831 Thread 0x000001dcfd86c9d0 DEOPT PACKING pc=0x000001dce9458574 sp=0x00000062b99f89e0
Event: 5.831 Thread 0x000001dcfd86c9d0 DEOPT UNPACKING pc=0x000001dce8cf46a2 sp=0x00000062b99f8998 mode 2
Event: 5.837 Thread 0x000001dcfd86c9d0 Uncommon trap: trap_request=0xffffff45 fr.pc=0x000001dce93f1a08 relative=0x00000000000001e8
Event: 5.837 Thread 0x000001dcfd86c9d0 Uncommon trap: reason=unstable_if action=reinterpret pc=0x000001dce93f1a08 method=java.lang.invoke.LambdaFormBuffer.changeName(ILjava/lang/invoke/LambdaForm$Name;)V @ 140 c2
Event: 5.837 Thread 0x000001dcfd86c9d0 DEOPT PACKING pc=0x000001dce93f1a08 sp=0x00000062b99f7950
Event: 5.837 Thread 0x000001dcfd86c9d0 DEOPT UNPACKING pc=0x000001dce8cf46a2 sp=0x00000062b99f78f8 mode 2
Event: 5.862 Thread 0x000001dcfd86c9d0 DEOPT PACKING pc=0x000001dce21e042e sp=0x00000062b99f8910
Event: 5.862 Thread 0x000001dcfd86c9d0 DEOPT UNPACKING pc=0x000001dce8cf4e42 sp=0x00000062b99f7ec0 mode 0

Classes loaded (20 events):
Event: 5.978 Loading class com/sun/org/apache/xml/internal/dtm/ref/dom2dtm/DOM2DTMdefaultNamespaceDeclarationNode done
Event: 5.978 Loading class com/sun/org/apache/xpath/internal/objects/XNodeSet
Event: 5.978 Loading class com/sun/org/apache/xpath/internal/axes/NodeSequence
Event: 5.978 Loading class com/sun/org/apache/xpath/internal/axes/NodeSequence done
Event: 5.978 Loading class com/sun/org/apache/xpath/internal/objects/XNodeSet done
Event: 5.978 Loading class com/sun/org/apache/xpath/internal/objects/LessThanComparator
Event: 5.979 Loading class com/sun/org/apache/xpath/internal/objects/Comparator
Event: 5.979 Loading class com/sun/org/apache/xpath/internal/objects/Comparator done
Event: 5.979 Loading class com/sun/org/apache/xpath/internal/objects/LessThanComparator done
Event: 5.979 Loading class com/sun/org/apache/xpath/internal/objects/LessThanOrEqualComparator
Event: 5.979 Loading class com/sun/org/apache/xpath/internal/objects/LessThanOrEqualComparator done
Event: 5.979 Loading class com/sun/org/apache/xpath/internal/objects/GreaterThanComparator
Event: 5.979 Loading class com/sun/org/apache/xpath/internal/objects/GreaterThanComparator done
Event: 5.979 Loading class com/sun/org/apache/xpath/internal/objects/GreaterThanOrEqualComparator
Event: 5.979 Loading class com/sun/org/apache/xpath/internal/objects/GreaterThanOrEqualComparator done
Event: 5.979 Loading class com/sun/org/apache/xpath/internal/objects/EqualComparator
Event: 5.979 Loading class com/sun/org/apache/xpath/internal/objects/EqualComparator done
Event: 5.979 Loading class com/sun/org/apache/xpath/internal/objects/NotEqualComparator
Event: 5.979 Loading class com/sun/org/apache/xpath/internal/objects/NotEqualComparator done
Event: 5.979 Loading class com/sun/org/apache/xml/internal/dtm/Axis

Classes unloaded (0 events):
No events

Classes redefined (0 events):
No events

Internal exceptions (20 events):
Event: 5.303 Thread 0x000001dcfd86c9d0 Exception <a 'java/lang/ClassNotFoundException'{0x0000000745ffdde8}: org/gradle/api/internal/CollectionCallbackActionDecoratorCustomizer> (0x0000000745ffdde8) 
thrown [s\src\hotspot\share\classfile\systemDictionary.cpp, line 312]
Event: 5.308 Thread 0x000001dcfd86c9d0 Exception <a 'java/lang/ClassNotFoundException'{0x0000000745a8c298}: org/gradle/api/internal/DefaultPolymorphicDomainObjectContainer_DecoratedBeanInfo> (0x0000000745a8c298) 
thrown [s\src\hotspot\share\classfile\systemDictionary.cpp, line 312]
Event: 5.309 Thread 0x000001dcfd86c9d0 Exception <a 'java/lang/ClassNotFoundException'{0x0000000745aa4f40}: org/gradle/api/internal/DefaultPolymorphicDomainObjectContainer_DecoratedCustomizer> (0x0000000745aa4f40) 
thrown [s\src\hotspot\share\classfile\systemDictionary.cpp, line 312]
Event: 5.318 Thread 0x000001dcfd86c9d0 Exception <a 'java/lang/ClassNotFoundException'{0x0000000745be2ea8}: org/jetbrains/gradle/ext/PackagePrefixContainer_DecoratedBeanInfo> (0x0000000745be2ea8) 
thrown [s\src\hotspot\share\classfile\systemDictionary.cpp, line 312]
Event: 5.318 Thread 0x000001dcfd86c9d0 Exception <a 'java/lang/ClassNotFoundException'{0x0000000745bf2d78}: org/jetbrains/gradle/ext/PackagePrefixContainerBeanInfo> (0x0000000745bf2d78) 
thrown [s\src\hotspot\share\classfile\systemDictionary.cpp, line 312]
Event: 5.318 Thread 0x000001dcfd86c9d0 Exception <a 'java/lang/ClassNotFoundException'{0x0000000745803198}: org/jetbrains/gradle/ext/PackagePrefixContainerCustomizer> (0x0000000745803198) 
thrown [s\src\hotspot\share\classfile\systemDictionary.cpp, line 312]
Event: 5.319 Thread 0x000001dcfd86c9d0 Exception <a 'java/lang/ClassNotFoundException'{0x000000074581dd48}: org/jetbrains/gradle/ext/PackagePrefixContainer_DecoratedCustomizer> (0x000000074581dd48) 
thrown [s\src\hotspot\share\classfile\systemDictionary.cpp, line 312]
Event: 5.323 Thread 0x000001dcfd86c9d0 Exception <a 'java/lang/ClassNotFoundException'{0x00000007458ac0e0}: org/jetbrains/gradle/ext/ModuleTypesConfig_DecoratedBeanInfo> (0x00000007458ac0e0) 
thrown [s\src\hotspot\share\classfile\systemDictionary.cpp, line 312]
Event: 5.323 Thread 0x000001dcfd86c9d0 Exception <a 'java/lang/ClassNotFoundException'{0x00000007458bbf68}: org/jetbrains/gradle/ext/ModuleTypesConfigBeanInfo> (0x00000007458bbf68) 
thrown [s\src\hotspot\share\classfile\systemDictionary.cpp, line 312]
Event: 5.324 Thread 0x000001dcfd86c9d0 Exception <a 'java/lang/ClassNotFoundException'{0x00000007458cbdd8}: org/jetbrains/gradle/ext/ModuleTypesConfigCustomizer> (0x00000007458cbdd8) 
thrown [s\src\hotspot\share\classfile\systemDictionary.cpp, line 312]
Event: 5.325 Thread 0x000001dcfd86c9d0 Exception <a 'java/lang/ClassNotFoundException'{0x00000007458ebff8}: org/jetbrains/gradle/ext/ModuleTypesConfig_DecoratedCustomizer> (0x00000007458ebff8) 
thrown [s\src\hotspot\share\classfile\systemDictionary.cpp, line 312]
Event: 5.327 Thread 0x000001dcfd86c9d0 Exception <a 'java/lang/ClassNotFoundException'{0x0000000745949af8}: org/gradle/internal/extensibility/DefaultConventionBeanInfo> (0x0000000745949af8) 
thrown [s\src\hotspot\share\classfile\systemDictionary.cpp, line 312]
Event: 5.328 Thread 0x000001dcfd86c9d0 Exception <a 'java/lang/ClassNotFoundException'{0x0000000745962108}: org/gradle/internal/extensibility/DefaultConventionCustomizer> (0x0000000745962108) 
thrown [s\src\hotspot\share\classfile\systemDictionary.cpp, line 312]
Event: 5.454 Thread 0x000001dcfd86c9d0 Exception <a 'java/lang/NoSuchMethodError'{0x00000007455c4df8}: 'void java.lang.invoke.DirectMethodHandle$Holder.invokeInterface(java.lang.Object, java.lang.Object, java.lang.Object, java.lang.Object)'> (0x00000007455c4df8) 
thrown [s\src\hotspot\share\interpreter\linkResolver.cpp, line 773]
Event: 5.589 Thread 0x000001dcfd86c9d0 Exception <a 'java/lang/NoSuchMethodError'{0x0000000743ffd608}: method resolution failed> (0x0000000743ffd608) 
thrown [s\src\hotspot\share\prims\methodHandles.cpp, line 1144]
Event: 5.698 Thread 0x000001dcfd86c9d0 Exception <a 'java/lang/NoSuchMethodError'{0x00000007ff37d2c0}: 'void java.lang.invoke.DirectMethodHandle$Holder.invokeStatic(java.lang.Object, long)'> (0x00000007ff37d2c0) 
thrown [s\src\hotspot\share\interpreter\linkResolver.cpp, line 773]
Event: 5.699 Thread 0x000001dcfd86c9d0 Exception <a 'java/lang/NoSuchMethodError'{0x00000007ff388368}: 'java.lang.Object java.lang.invoke.DirectMethodHandle$Holder.invokeStaticInit(java.lang.Object, long, java.lang.Object)'> (0x00000007ff388368) 
thrown [s\src\hotspot\share\interpreter\linkResolver.cpp, line 773]
Event: 5.828 Thread 0x000001dcfd86c9d0 Exception <a 'java/lang/NoSuchMethodError'{0x000000074ff44ba0}: 'java.lang.Object java.lang.invoke.DirectMethodHandle$Holder.newInvokeSpecial(java.lang.Object, java.lang.Object, java.lang.Object, int, java.lang.Object)'> (0x000000074ff44ba0) 
thrown [s\src\hotspot\share\interpreter\linkResolver.cpp, line 773]
Event: 5.841 Thread 0x000001dcfd86c9d0 Exception <a 'java/lang/NoSuchMethodError'{0x000000074868fe28}: 'void java.lang.invoke.DirectMethodHandle$Holder.invokeStatic(java.lang.Object, java.lang.Object, java.lang.Object, java.lang.Object, java.lang.Object, java.lang.Object, java.lang.Object, java.lang.Object)'> (0x000000074868fe28) 
thrown [s\src\hotspot\share\interpreter\linkResolver.cpp, line 773]
Event: 5.901 Thread 0x000001dcfd86c9d0 Exception <a 'java/lang/NoSuchMethodError'{0x0000000747e9c398}: 'java.lang.Object java.lang.invoke.DirectMethodHandle$Holder.newInvokeSpecial(java.lang.Object, java.lang.Object, int)'> (0x0000000747e9c398) 
thrown [s\src\hotspot\share\interpreter\linkResolver.cpp, line 773]

ZGC Phase Switch (0 events):
No events

VM Operations (20 events):
Event: 5.071 Executing VM operation: HandshakeAllThreads (Deoptimize)
Event: 5.071 Executing VM operation: HandshakeAllThreads (Deoptimize) done
Event: 5.116 Executing VM operation: CollectForMetadataAllocation (Metadata GC Threshold)
Event: 5.119 Executing VM operation: CollectForMetadataAllocation (Metadata GC Threshold) done
Event: 5.141 Executing VM operation: G1PauseRemark
Event: 5.143 Executing VM operation: G1PauseRemark done
Event: 5.150 Executing VM operation: G1PauseCleanup
Event: 5.150 Executing VM operation: G1PauseCleanup done
Event: 5.313 Executing VM operation: HandshakeAllThreads (Deoptimize)
Event: 5.314 Executing VM operation: HandshakeAllThreads (Deoptimize) done
Event: 5.316 Executing VM operation: HandshakeAllThreads (Deoptimize)
Event: 5.316 Executing VM operation: HandshakeAllThreads (Deoptimize) done
Event: 5.372 Executing VM operation: ICBufferFull
Event: 5.372 Executing VM operation: ICBufferFull done
Event: 5.527 Executing VM operation: ICBufferFull
Event: 5.527 Executing VM operation: ICBufferFull done
Event: 5.677 Executing VM operation: G1CollectForAllocation (G1 Evacuation Pause)
Event: 5.682 Executing VM operation: G1CollectForAllocation (G1 Evacuation Pause) done
Event: 5.942 Executing VM operation: HandshakeAllThreads (Deoptimize)
Event: 5.942 Executing VM operation: HandshakeAllThreads (Deoptimize) done

Events (20 events):
Event: 5.142 Thread 0x000001dcd6d9cea0 flushing nmethod 0x000001dce9350b90
Event: 5.142 Thread 0x000001dcd6d9cea0 flushing nmethod 0x000001dce9387d10
Event: 5.142 Thread 0x000001dcd6d9cea0 flushing nmethod 0x000001dce93e2a10
Event: 5.142 Thread 0x000001dcd6d9cea0 flushing nmethod 0x000001dce933e690
Event: 5.143 Thread 0x000001dcd6d9cea0 flushing nmethod 0x000001dce93d0810
Event: 5.143 Thread 0x000001dcd6d9cea0 flushing nmethod 0x000001dce9383590
Event: 5.143 Thread 0x000001dcd6d9cea0 flushing nmethod 0x000001dce93eed10
Event: 5.143 Thread 0x000001dcd6d9cea0 flushing nmethod 0x000001dce93e9a90
Event: 5.143 Thread 0x000001dcd6d9cea0 flushing nmethod 0x000001dce93c4f10
Event: 5.143 Thread 0x000001dcd6d9cea0 flushing nmethod 0x000001dce92a0a90
Event: 5.143 Thread 0x000001dcd6d9cea0 flushing nmethod 0x000001dce9373990
Event: 5.143 Thread 0x000001dcd6d9cea0 flushing nmethod 0x000001dce92b7e90
Event: 5.143 Thread 0x000001dcd6d9cea0 flushing nmethod 0x000001dce9355e90
Event: 5.143 Thread 0x000001dcd6d9cea0 flushing nmethod 0x000001dce932b610
Event: 5.143 Thread 0x000001dcd6d9cea0 flushing nmethod 0x000001dce9322710
Event: 5.143 Thread 0x000001dcd6d9cea0 flushing nmethod 0x000001dce92d5b10
Event: 5.143 Thread 0x000001dcd6d9cea0 flushing nmethod 0x000001dce92c7090
Event: 5.143 Thread 0x000001dcd6d9cea0 flushing nmethod 0x000001dce9277190
Event: 5.143 Thread 0x000001dcd6d9cea0 flushing nmethod 0x000001dce9240a10
Event: 5.813 Thread 0x000001dcf79a4f60 Thread exited: 0x000001dcf79a4f60


Dynamic libraries:
0x00007ff78e9e0000 - 0x00007ff78e9ee000 	C:\Users\ArneL\.jdks\temurin-21.0.3\bin\java.exe
0x00007ff97ed50000 - 0x00007ff97ef48000 	C:\WINDOWS\SYSTEM32\ntdll.dll
0x00007ff97e780000 - 0x00007ff97e841000 	C:\WINDOWS\System32\KERNEL32.DLL
0x00007ff97c640000 - 0x00007ff97c936000 	C:\WINDOWS\System32\KERNELBASE.dll
0x0000000066880000 - 0x0000000066bb2000 	C:\Program Files\Norton Security\NortonData\22.20.5.40\Definitions\IPSDefs\20240716.064\IPSEng64.dll
0x00007ff97da20000 - 0x00007ff97dad0000 	C:\WINDOWS\System32\ADVAPI32.dll
0x00007ff97ced0000 - 0x00007ff97cf6e000 	C:\WINDOWS\System32\msvcrt.dll
0x00007ff97ce30000 - 0x00007ff97ced0000 	C:\WINDOWS\System32\sechost.dll
0x00007ff97d890000 - 0x00007ff97d9b3000 	C:\WINDOWS\System32\RPCRT4.dll
0x00007ff97c400000 - 0x00007ff97c427000 	C:\WINDOWS\System32\bcrypt.dll
0x00007ff97d050000 - 0x00007ff97d058000 	C:\WINDOWS\System32\PSAPI.DLL
0x00007ff97cab0000 - 0x00007ff97cbb0000 	C:\WINDOWS\System32\ucrtbase.dll
0x00007ff9733a0000 - 0x00007ff9733bb000 	C:\Users\ArneL\.jdks\temurin-21.0.3\bin\VCRUNTIME140.dll
0x00007ff970c70000 - 0x00007ff970c88000 	C:\Users\ArneL\.jdks\temurin-21.0.3\bin\jli.dll
0x00007ff97e490000 - 0x00007ff97e62f000 	C:\WINDOWS\System32\USER32.dll
0x00007ff97c560000 - 0x00007ff97c582000 	C:\WINDOWS\System32\win32u.dll
0x00007ff95d1f0000 - 0x00007ff95d48a000 	C:\WINDOWS\WinSxS\amd64_microsoft.windows.common-controls_6595b64144ccf1df_6.0.19041.4355_none_60b8b9eb71f62e16\COMCTL32.dll
0x00007ff97d2d0000 - 0x00007ff97d2fb000 	C:\WINDOWS\System32\GDI32.dll
0x00007ff97c940000 - 0x00007ff97ca57000 	C:\WINDOWS\System32\gdi32full.dll
0x00007ff97c4c0000 - 0x00007ff97c55d000 	C:\WINDOWS\System32\msvcp_win.dll
0x00007ff97ebb0000 - 0x00007ff97ebdf000 	C:\WINDOWS\System32\IMM32.DLL
0x00007ff978520000 - 0x00007ff97852c000 	C:\Users\ArneL\.jdks\temurin-21.0.3\bin\vcruntime140_1.dll
0x00007ff946490000 - 0x00007ff94651e000 	C:\Users\ArneL\.jdks\temurin-21.0.3\bin\msvcp140.dll
0x00007ff932e20000 - 0x00007ff933ba2000 	C:\Users\ArneL\.jdks\temurin-21.0.3\bin\server\jvm.dll
0x00007ff97e3c0000 - 0x00007ff97e42b000 	C:\WINDOWS\System32\WS2_32.dll
0x00007ff96fea0000 - 0x00007ff96fec7000 	C:\WINDOWS\SYSTEM32\WINMM.dll
0x00007ff9750e0000 - 0x00007ff9750ea000 	C:\WINDOWS\SYSTEM32\VERSION.dll
0x00007ff97b980000 - 0x00007ff97b9cb000 	C:\WINDOWS\SYSTEM32\POWRPROF.dll
0x00007ff97b7f0000 - 0x00007ff97b802000 	C:\WINDOWS\SYSTEM32\UMPDC.dll
0x00007ff97a2a0000 - 0x00007ff97a2b2000 	C:\WINDOWS\SYSTEM32\kernel.appcore.dll
0x00007ff970cf0000 - 0x00007ff970cfa000 	C:\Users\ArneL\.jdks\temurin-21.0.3\bin\jimage.dll
0x00007ff9738c0000 - 0x00007ff973aa4000 	C:\WINDOWS\SYSTEM32\DBGHELP.DLL
0x00007ff9737f0000 - 0x00007ff973824000 	C:\WINDOWS\SYSTEM32\dbgcore.DLL
0x00007ff97c430000 - 0x00007ff97c4b2000 	C:\WINDOWS\System32\bcryptPrimitives.dll
0x00007ff970c60000 - 0x00007ff970c6f000 	C:\Users\ArneL\.jdks\temurin-21.0.3\bin\instrument.dll
0x00007ff96d6d0000 - 0x00007ff96d6ef000 	C:\Users\ArneL\.jdks\temurin-21.0.3\bin\java.dll
0x00007ff97dad0000 - 0x00007ff97e23c000 	C:\WINDOWS\System32\SHELL32.dll
0x00007ff97a4a0000 - 0x00007ff97ac3e000 	C:\WINDOWS\SYSTEM32\windows.storage.dll
0x00007ff97e850000 - 0x00007ff97eba3000 	C:\WINDOWS\System32\combase.dll
0x00007ff97be20000 - 0x00007ff97be4e000 	C:\WINDOWS\SYSTEM32\Wldp.dll
0x00007ff97e2d0000 - 0x00007ff97e39d000 	C:\WINDOWS\System32\OLEAUT32.dll
0x00007ff97cd80000 - 0x00007ff97ce2d000 	C:\WINDOWS\System32\SHCORE.dll
0x00007ff97e630000 - 0x00007ff97e685000 	C:\WINDOWS\System32\shlwapi.dll
0x00007ff97c330000 - 0x00007ff97c354000 	C:\WINDOWS\SYSTEM32\profapi.dll
0x00007ff943830000 - 0x00007ff943907000 	C:\Users\ArneL\.jdks\temurin-21.0.3\bin\jsvml.dll
0x00007ff96d6b0000 - 0x00007ff96d6c8000 	C:\Users\ArneL\.jdks\temurin-21.0.3\bin\zip.dll
0x00007ff96bfa0000 - 0x00007ff96bfb0000 	C:\Users\ArneL\.jdks\temurin-21.0.3\bin\net.dll
0x00007ff975f00000 - 0x00007ff97600a000 	C:\WINDOWS\SYSTEM32\WINHTTP.dll
0x00007ff97bb80000 - 0x00007ff97bbea000 	C:\WINDOWS\system32\mswsock.dll
0x00007ff96b5a0000 - 0x00007ff96b5b6000 	C:\Users\ArneL\.jdks\temurin-21.0.3\bin\nio.dll
0x00007ff96b590000 - 0x00007ff96b5a0000 	C:\Users\ArneL\.jdks\temurin-21.0.3\bin\verify.dll
0x00007ff978530000 - 0x00007ff978557000 	C:\Users\ArneL\.gradle\native\c067742578af261105cb4f569cf0c3c89f3d7b1fecec35dd04571415982c5e48\windows-amd64\native-platform.dll
0x00007ff942420000 - 0x00007ff942564000 	C:\Users\ArneL\.gradle\native\100fb08df4bc3b14c8652ba06237920a3bd2aa13389f12d3474272988ae205f9\windows-amd64\native-platform-file-events.dll
0x00007ff96b580000 - 0x00007ff96b58a000 	C:\Users\ArneL\.jdks\temurin-21.0.3\bin\management.dll
0x00007ff96b570000 - 0x00007ff96b57b000 	C:\Users\ArneL\.jdks\temurin-21.0.3\bin\management_ext.dll
0x00007ff97bd70000 - 0x00007ff97bd88000 	C:\WINDOWS\SYSTEM32\CRYPTSP.dll
0x00007ff97b430000 - 0x00007ff97b464000 	C:\WINDOWS\system32\rsaenh.dll
0x00007ff97c2a0000 - 0x00007ff97c2ce000 	C:\WINDOWS\SYSTEM32\USERENV.dll
0x00007ff97bd90000 - 0x00007ff97bd9c000 	C:\WINDOWS\SYSTEM32\CRYPTBASE.dll
0x00007ff97b810000 - 0x00007ff97b84b000 	C:\WINDOWS\SYSTEM32\IPHLPAPI.DLL
0x00007ff97e240000 - 0x00007ff97e248000 	C:\WINDOWS\System32\NSI.dll
0x00007ff96ade0000 - 0x00007ff96ade9000 	C:\Users\ArneL\.jdks\temurin-21.0.3\bin\extnet.dll
0x00007ff95f140000 - 0x00007ff95f14e000 	C:\Users\ArneL\.jdks\temurin-21.0.3\bin\sunmscapi.dll
0x00007ff97cc20000 - 0x00007ff97cd7e000 	C:\WINDOWS\System32\CRYPT32.dll
0x00007ff97be90000 - 0x00007ff97beb9000 	C:\WINDOWS\SYSTEM32\ncrypt.dll
0x00007ff97be50000 - 0x00007ff97be8b000 	C:\WINDOWS\SYSTEM32\NTASN1.dll
0x00007ff9784f0000 - 0x00007ff9784f7000 	C:\WINDOWS\system32\wshunix.dll

dbghelp: loaded successfully - version: 4.0.5 - missing functions: none
symbol engine: initialized successfully - sym options: 0x614 - pdb path: .;C:\Users\ArneL\.jdks\temurin-21.0.3\bin;C:\WINDOWS\SYSTEM32;C:\Program Files\Norton Security\NortonData\22.20.5.40\Definitions\IPSDefs\20240716.064;C:\WINDOWS\WinSxS\amd64_microsoft.windows.common-controls_6595b64144ccf1df_6.0.19041.4355_none_60b8b9eb71f62e16;C:\Users\ArneL\.jdks\temurin-21.0.3\bin\server;C:\Users\ArneL\.gradle\native\c067742578af261105cb4f569cf0c3c89f3d7b1fecec35dd04571415982c5e48\windows-amd64;C:\Users\ArneL\.gradle\native\100fb08df4bc3b14c8652ba06237920a3bd2aa13389f12d3474272988ae205f9\windows-amd64

VM Arguments:
jvm_args: --add-opens=java.base/java.util=ALL-UNNAMED --add-opens=java.base/java.lang=ALL-UNNAMED --add-opens=java.base/java.lang.invoke=ALL-UNNAMED --add-opens=java.prefs/java.util.prefs=ALL-UNNAMED --add-opens=java.base/java.nio.charset=ALL-UNNAMED --add-opens=java.base/java.net=ALL-UNNAMED --add-opens=java.base/java.util.concurrent.atomic=ALL-UNNAMED -Xmx3G -Dfile.encoding=windows-1252 -Duser.country=BE -Duser.language=nl -Duser.variant -javaagent:C:\Users\ArneL\.gradle\wrapper\dists\gradle-8.8-bin\dl7vupf4psengwqhwktix4v1\gradle-8.8\lib\agents\gradle-instrumentation-agent-8.8.jar 
java_command: org.gradle.launcher.daemon.bootstrap.GradleDaemon 8.8
java_class_path (initial): C:\Users\ArneL\.gradle\wrapper\dists\gradle-8.8-bin\dl7vupf4psengwqhwktix4v1\gradle-8.8\lib\gradle-launcher-8.8.jar
Launcher Type: SUN_STANDARD

[Global flags]
     intx CICompilerCount                          = 4                                         {product} {ergonomic}
     uint ConcGCThreads                            = 3                                         {product} {ergonomic}
     uint G1ConcRefinementThreads                  = 10                                        {product} {ergonomic}
   size_t G1HeapRegionSize                         = 2097152                                   {product} {ergonomic}
    uintx GCDrainStackTargetSize                   = 64                                        {product} {ergonomic}
   size_t InitialHeapSize                          = 268435456                                 {product} {ergonomic}
   size_t MarkStackSize                            = 4194304                                   {product} {ergonomic}
   size_t MaxHeapSize                              = 3221225472                                {product} {command line}
   size_t MaxNewSize                               = 1931476992                                {product} {ergonomic}
   size_t MinHeapDeltaBytes                        = 2097152                                   {product} {ergonomic}
   size_t MinHeapSize                              = 8388608                                   {product} {ergonomic}
    uintx NonNMethodCodeHeapSize                   = 5839372                                {pd product} {ergonomic}
    uintx NonProfiledCodeHeapSize                  = 122909434                              {pd product} {ergonomic}
    uintx ProfiledCodeHeapSize                     = 122909434                              {pd product} {ergonomic}
    uintx ReservedCodeCacheSize                    = 251658240                              {pd product} {ergonomic}
     bool SegmentedCodeCache                       = true                                      {product} {ergonomic}
   size_t SoftMaxHeapSize                          = 3221225472                             {manageable} {ergonomic}
     bool UseCompressedOops                        = true                           {product lp64_product} {ergonomic}
     bool UseG1GC                                  = true                                      {product} {ergonomic}
     bool UseLargePagesIndividualAllocation        = false                                  {pd product} {ergonomic}

Logging:
Log output configuration:
 #0: stdout all=warning uptime,level,tags foldmultilines=false
 #1: stderr all=off uptime,level,tags foldmultilines=false

Environment Variables:
JAVA_HOME=C:\Program Files\Eclipse Adoptium\jdk-17.0.1.12-hotspot
PATH=D:\Oculus\Support\oculus-runtime;C:\Program Files\Eclipse Adoptium\jdk-17.0.1.12-hotspot\bin;C:\Program Files\ImageMagick-7.1.0-Q16-HDRI;C:\Windows\system32;C:\Windows;C:\Windows\System32\Wbem;C:\Windows\System32\WindowsPowerShell\v1.0\;C:\Windows\System32\OpenSSH\;C:\Program Files\NVIDIA Corporation\NVIDIA NvDLISR;C:\Program Files (x86)\NVIDIA Corporation\PhysX\Common;C:\Program Files\Intel\WiFi\bin\;C:\Program Files\Common Files\Intel\WirelessCommon\;C:\WINDOWS\system32;C:\WINDOWS;C:\WINDOWS\System32\Wbem;C:\WINDOWS\System32\WindowsPowerShell\v1.0\;C:\WINDOWS\System32\OpenSSH\;C:\Program Files\PuTTY\;C:\Program Files (x86)\gs\gs10.00.0\bin;C:\Program Files\Git\cmd;C:\Program Files\dotnet\;C:\Users\ArneL\AppData\Local\Microsoft\WindowsApps;C:\Program Files\Intel\WiFi\bin\;C:\Program Files\Common Files\Intel\WirelessCommon\;C:\ProgramData\ArneL\GitHubDesktop\bin;C:\Users\ArneL\AppData\Local\GitHubDesktop\bin;C:\Program Files\JetBrains\IntelliJ IDEA 2022.1.2\bin;;C:\texlive\2022\bin\win32;C:\Program Files\JetBrains\PyCharm Community Edition 2022.3.2\bin;
USERNAME=ArneL
OS=Windows_NT
PROCESSOR_IDENTIFIER=AMD64 Family 23 Model 113 Stepping 0, AuthenticAMD
TMP=C:\Users\ArneL\AppData\Local\Temp
TEMP=C:\Users\ArneL\AppData\Local\Temp




Periodic native trim disabled

---------------  S Y S T E M  ---------------

OS:
 Windows 10 , 64 bit Build 19041 (10.0.19041.4597)
OS uptime: 2 days 3:58 hours

CPU: total 12 (initial active 12) (12 cores per cpu, 2 threads per core) family 23 model 113 stepping 0 microcode 0x0, cx8, cmov, fxsr, ht, mmx, 3dnowpref, sse, sse2, sse3, ssse3, sse4a, sse4.1, sse4.2, popcnt, lzcnt, tsc, tscinvbit, avx, avx2, aes, clmul, bmi1, bmi2, adx, sha, fma, vzeroupper, clflush, clflushopt, rdtscp, rdpid, f16c
Processor Information for all 12 processors :
  Max Mhz: 3800, Current Mhz: 3800, Mhz Limit: 3800

Memory: 4k page, system-wide physical 16333M (6877M free)
TotalPageFile size 29133M (AvailPageFile size 12904M)
current process WorkingSet (physical memory assigned to process): 368M, peak: 371M
current process commit charge ("private bytes"): 412M, peak: 453M

vm_info: OpenJDK 64-Bit Server VM (21.0.3+9-LTS) for windows-amd64 JRE (21.0.3+9-LTS), built on 2024-04-16T00:00:00Z by "admin" with MS VC++ 17.7 (VS2022)

END.
